        WHEN        |        WHO        |        WHAT        |        RESULT        
2013-05-29 20:56:17  |  Dealer- Ricardo  |  deal  |  -
2013-05-29 20:56:17  |  Player3-Lima  |  receive-cards  |  Kc-6c-Jc / 7h-10h-Jh / 2d-6d-5d-Ad / 2s-4s-6s / 
2013-05-29 20:56:17  |  Player2-Rita  |  receive-cards  |  3c-9c-5c-10c-8c-Qc / 6h-Ah-9h / Jd-4d / 3s-Qs / 
2013-05-29 20:56:17  |  Player1-Joao  |  receive-cards  |  2c-7c / 4h-Qh-5h-3h / 8d-10d / 5s-Ks-Js-9s-10s / 
2013-05-29 20:56:17  |  Player0-Ricardo  |  receive-cards  |  4c-Ac / 8h-Kh-2h / Qd-9d-Kd-7d-3d / As-8s-7s / 
2013-05-29 20:56:25  |  Player3-Lima  |  play  |  Kc
2013-05-29 20:56:25  |  Player3-Lima  |  hand  |  6c-Jc / 7h-10h-Jh / 2d-6d-5d-Ad / 2s-4s-6s / 
2013-05-29 20:56:29  |  Player0-Ricardo  |  play  |  4c
2013-05-29 20:56:29  |  Player0-Ricardo  |  hand  |  Ac / 8h-Kh-2h / Qd-9d-Kd-7d-3d / As-8s-7s / 
2013-05-29 20:56:31  |  Player1-Joao  |  play  |  2c
2013-05-29 20:56:31  |  Player1-Joao  |  hand  |  7c / 4h-Qh-5h-3h / 8d-10d / 5s-Ks-Js-9s-10s / 
2013-05-29 20:56:37  |  Player2-Rita  |  play  |  3c
2013-05-29 20:56:37  |  Player2-Rita  |  hand  |  9c-5c-10c-8c-Qc / 6h-Ah-9h / Jd-4d / 3s-Qs / 
2013-05-29 20:56:41  |  Player3-Lima  |  play  |  6c
2013-05-29 20:56:41  |  Player3-Lima  |  hand  |  Jc / 7h-10h-Jh / 2d-6d-5d-Ad / 2s-4s-6s / 
2013-05-29 20:56:44  |  Player0-Ricardo  |  play  |  Ac
2013-05-29 20:56:44  |  Player0-Ricardo  |  hand  |  8h-Kh-2h / Qd-9d-Kd-7d-3d / As-8s-7s / 
2013-05-29 20:56:47  |  Player1-Joao  |  play  |  7c
2013-05-29 20:56:47  |  Player1-Joao  |  hand  |  4h-Qh-5h-3h / 8d-10d / 5s-Ks-Js-9s-10s / 
2013-05-29 20:56:50  |  Player2-Rita  |  play  |  9c
2013-05-29 20:56:50  |  Player2-Rita  |  hand  |  5c-10c-8c-Qc / 6h-Ah-9h / Jd-4d / 3s-Qs / 
2013-05-29 20:56:53  |  Player3-Lima  |  play  |  Jc
2013-05-29 20:56:53  |  Player3-Lima  |  hand  |  7h-10h-Jh / 2d-6d-5d-Ad / 2s-4s-6s / 
2013-05-29 20:56:56  |  Player0-Ricardo  |  play  |  8h
2013-05-29 20:56:56  |  Player0-Ricardo  |  hand  |  Kh-2h / Qd-9d-Kd-7d-3d / As-8s-7s / 
2013-05-29 20:57:00  |  Player1-Joao  |  play  |  4h
2013-05-29 20:57:00  |  Player1-Joao  |  hand  |  Qh-5h-3h / 8d-10d / 5s-Ks-Js-9s-10s / 
2013-05-29 20:57:03  |  Player2-Rita  |  play  |  5c
2013-05-29 20:57:03  |  Player2-Rita  |  hand  |  10c-8c-Qc / 6h-Ah-9h / Jd-4d / 3s-Qs / 
2013-05-29 20:57:06  |  Player3-Lima  |  play  |  7h
2013-05-29 20:57:06  |  Player3-Lima  |  hand  |  10h-Jh / 2d-6d-5d-Ad / 2s-4s-6s / 
2013-05-29 20:57:11  |  Player0-Ricardo  |  play  |  Kh
2013-05-29 20:57:11  |  Player0-Ricardo  |  hand  |  2h / Qd-9d-Kd-7d-3d / As-8s-7s / 
2013-05-29 20:57:15  |  Player1-Joao  |  play  |  10s
2013-05-29 20:57:15  |  Player1-Joao  |  hand  |  Qh-5h-3h / 8d-10d / 5s-Ks-Js-9s / 
2013-05-29 20:57:18  |  Player2-Rita  |  play  |  Qs
2013-05-29 20:57:18  |  Player2-Rita  |  hand  |  10c-8c-Qc / 6h-Ah-9h / Jd-4d / 3s / 
2013-05-29 20:57:21  |  Player3-Lima  |  play  |  6s
2013-05-29 20:57:21  |  Player3-Lima  |  hand  |  10h-Jh / 2d-6d-5d-Ad / 2s-4s / 
2013-05-29 20:57:24  |  Player0-Ricardo  |  play  |  7s
2013-05-29 20:57:24  |  Player0-Ricardo  |  hand  |  2h / Qd-9d-Kd-7d-3d / As-8s / 
2013-05-29 20:57:28  |  Player1-Joao  |  play  |  8d
2013-05-29 20:57:28  |  Player1-Joao  |  hand  |  Qh-5h-3h / 10d / 5s-Ks-Js-9s / 
2013-05-29 20:57:31  |  Player2-Rita  |  play  |  6h
2013-05-29 20:57:31  |  Player2-Rita  |  hand  |  10c-8c-Qc / Ah-9h / Jd-4d / 3s / 
2013-05-29 20:57:34  |  Player3-Lima  |  play  |  2d
2013-05-29 20:57:34  |  Player3-Lima  |  hand  |  10h-Jh / 6d-5d-Ad / 2s-4s / 
2013-05-29 20:57:36  |  Player0-Ricardo  |  play  |  2h
2013-05-29 20:57:36  |  Player0-Ricardo  |  hand  |  Qd-9d-Kd-7d-3d / As-8s / 
2013-05-29 20:57:39  |  Player1-Joao  |  play  |  Qh
2013-05-29 20:57:39  |  Player1-Joao  |  hand  |  5h-3h / 10d / 5s-Ks-Js-9s / 
2013-05-29 20:57:42  |  Player2-Rita  |  play  |  Ah
2013-05-29 20:57:42  |  Player2-Rita  |  hand  |  10c-8c-Qc / 9h / Jd-4d / 3s / 
2013-05-29 20:57:45  |  Player3-Lima  |  play  |  10h
2013-05-29 20:57:45  |  Player3-Lima  |  hand  |  Jh / 6d-5d-Ad / 2s-4s / 
2013-05-29 20:57:48  |  Player0-Ricardo  |  play  |  Qd
2013-05-29 20:57:48  |  Player0-Ricardo  |  hand  |  9d-Kd-7d-3d / As-8s / 
2013-05-29 20:57:51  |  Player1-Joao  |  play  |  5h
2013-05-29 20:57:51  |  Player1-Joao  |  hand  |  3h / 10d / 5s-Ks-Js-9s / 
2013-05-29 20:57:54  |  Player2-Rita  |  play  |  10c
2013-05-29 20:57:54  |  Player2-Rita  |  hand  |  8c-Qc / 9h / Jd-4d / 3s / 
2013-05-29 20:57:56  |  Player3-Lima  |  play  |  6d
2013-05-29 20:57:56  |  Player3-Lima  |  hand  |  Jh / 5d-Ad / 2s-4s / 
2013-05-29 20:57:59  |  Player0-Ricardo  |  play  |  Kd
2013-05-29 20:57:59  |  Player0-Ricardo  |  hand  |  9d-7d-3d / As-8s / 
2013-05-29 20:58:02  |  Player1-Joao  |  play  |  10d
2013-05-29 20:58:02  |  Player1-Joao  |  hand  |  3h / 5s-Ks-Js-9s / 
2013-05-29 20:58:05  |  Player2-Rita  |  play  |  9h
2013-05-29 20:58:05  |  Player2-Rita  |  hand  |  8c-Qc / Jd-4d / 3s / 
2013-05-29 20:58:08  |  Player3-Lima  |  play  |  5d
2013-05-29 20:58:08  |  Player3-Lima  |  hand  |  Jh / Ad / 2s-4s / 
2013-05-29 20:58:11  |  Player0-Ricardo  |  play  |  9d
2013-05-29 20:58:11  |  Player0-Ricardo  |  hand  |  7d-3d / As-8s / 
2013-05-29 20:58:16  |  Player1-Joao  |  play  |  3h
2013-05-29 20:58:16  |  Player1-Joao  |  hand  |  5s-Ks-Js-9s / 
2013-05-29 20:58:19  |  Player2-Rita  |  play  |  8c
2013-05-29 20:58:19  |  Player2-Rita  |  hand  |  Qc / Jd-4d / 3s / 
2013-05-29 20:58:23  |  Player3-Lima  |  play  |  Jh
2013-05-29 20:58:23  |  Player3-Lima  |  hand  |  Ad / 2s-4s / 
2013-05-29 20:58:26  |  Player0-Ricardo  |  play  |  7d
2013-05-29 20:58:26  |  Player0-Ricardo  |  hand  |  3d / As-8s / 
2013-05-29 20:58:29  |  Player1-Joao  |  play  |  5s
2013-05-29 20:58:29  |  Player1-Joao  |  hand  |  Ks-Js-9s / 
2013-05-29 20:58:32  |  Player2-Rita  |  play  |  Qc
2013-05-29 20:58:32  |  Player2-Rita  |  hand  |  Jd-4d / 3s / 
2013-05-29 20:58:35  |  Player3-Lima  |  play  |  Ad
2013-05-29 20:58:35  |  Player3-Lima  |  hand  |  2s-4s / 
2013-05-29 20:58:38  |  Player0-Ricardo  |  play  |  8s
2013-05-29 20:58:38  |  Player0-Ricardo  |  hand  |  3d / As / 
2013-05-29 20:58:41  |  Player1-Joao  |  play  |  9s
2013-05-29 20:58:41  |  Player1-Joao  |  hand  |  Ks-Js / 
2013-05-29 20:58:43  |  Player2-Rita  |  play  |  3s
2013-05-29 20:58:43  |  Player2-Rita  |  hand  |  Jd-4d / 
2013-05-29 20:58:48  |  Player3-Lima  |  play  |  4s
2013-05-29 20:58:48  |  Player3-Lima  |  hand  |  2s / 
2013-05-29 20:58:51  |  Player0-Ricardo  |  play  |  As
2013-05-29 20:58:51  |  Player0-Ricardo  |  hand  |  3d / 
2013-05-29 20:58:54  |  Player1-Joao  |  play  |  Js
2013-05-29 20:58:54  |  Player1-Joao  |  hand  |  Ks / 
2013-05-29 20:58:57  |  Player2-Rita  |  play  |  4d
2013-05-29 20:58:57  |  Player2-Rita  |  hand  |  Jd / 
2013-05-29 20:59:00  |  Player3-Lima  |  play  |  2s
2013-05-29 20:59:00  |  Player3-Lima  |  hand  |  
2013-05-29 20:59:03  |  Player0-Ricardo  |  play  |  3d
2013-05-29 20:59:03  |  Player0-Ricardo  |  hand  |  
2013-05-29 20:59:07  |  Player1-Joao  |  play  |  Ks
2013-05-29 20:59:07  |  Player1-Joao  |  hand  |  
2013-05-29 20:59:14  |  Player2-Rita  |  play  |  Jd
2013-05-29 20:59:14  |  Player2-Rita  |  hand  |  
